2025-01-04 10:01:40,677 - INFO - Opened image file: .\sample_pdfs\Sample.JPG
2025-01-04 10:01:40,683 - INFO - Converted image to grayscale.
2025-01-04 10:01:40,687 - INFO - Enhanced image contrast.
2025-01-04 10:01:40,687 - INFO - Applied thresholding to image.
2025-01-04 10:01:40,698 - INFO - Applied median filter to remove noise.
2025-01-04 10:01:40,698 - INFO - Starting OCR on the image.
2025-01-04 10:01:40,788 - INFO - OCR completed successfully.
2025-01-04 10:01:40,788 - INFO - Extracted text saved to: .\sample_pdfs\Sample.txt
2025-01-04 10:05:27,356 - INFO - Opened image file: .\sample_pdfs\Sample.jpg
2025-01-04 10:05:27,363 - INFO - Converted image to grayscale.
2025-01-04 10:05:27,376 - INFO - Enhanced image contrast.
2025-01-04 10:05:27,380 - INFO - Applied thresholding to image.
2025-01-04 10:05:27,444 - INFO - Applied median filter to remove noise.
2025-01-04 10:05:27,445 - INFO - Starting OCR on the image.
2025-01-04 10:05:28,244 - INFO - OCR completed successfully.
2025-01-04 10:05:28,245 - INFO - Extracted text saved to: .\sample_pdfs\Sample.txt
2025-01-04 10:06:25,813 - INFO - Opened image file: .\sample_pdfs\Sample.jpg
2025-01-04 10:06:25,819 - INFO - Converted image to grayscale.
2025-01-04 10:06:25,832 - INFO - Enhanced image contrast.
2025-01-04 10:06:25,835 - INFO - Applied thresholding to image.
2025-01-04 10:06:25,899 - INFO - Applied median filter to remove noise.
2025-01-04 10:06:25,900 - INFO - Starting OCR on the image.
2025-01-04 10:06:26,292 - INFO - OCR completed successfully.
2025-01-04 10:06:26,293 - INFO - Extracted text saved to: .\sample_pdfs\Sample_TextImage.txt
2025-01-04 10:48:51,693 - INFO - Opened image file: .\sample_pdfs\Sample_TextImage.JPG
2025-01-04 10:48:51,699 - INFO - Converted image to grayscale.
2025-01-04 10:48:51,705 - INFO - Enhanced image contrast.
2025-01-04 10:48:51,706 - INFO - Applied thresholding to image.
2025-01-04 10:48:51,727 - INFO - Applied median filter to remove noise.
2025-01-04 10:48:51,728 - INFO - Starting OCR on the image.
2025-01-04 10:48:52,124 - INFO - OCR completed successfully.
2025-01-04 10:48:52,125 - INFO - Extracted text saved to: .\sample_pdfs\Sample_TextImage_TextImage.txt
